Determining if the pthread_create exist failed with the following output:
Change Dir: /home/zj/a/点云配准PCL/ICP_PCL_demo/cmake-build-debug/CMakeFiles/CMakeTmp

Run Build Command:"/usr/bin/make" "cmTC_296d8/fast"
/usr/bin/make -f CMakeFiles/cmTC_296d8.dir/build.make CMakeFiles/cmTC_296d8.dir/build
make[1]: Entering directory '/home/zj/a/点云配准PCL/ICP_PCL_demo/cmake-build-debug/CMakeFiles/CMakeTmp'
Building C object CMakeFiles/cmTC_296d8.dir/CheckSymbolExists.c.o
/usr/bin/cc    -o CMakeFiles/cmTC_296d8.dir/CheckSymbolExists.c.o   -c /home/zj/a/点云配准PCL/ICP_PCL_demo/cmake-build-debug/CMakeFiles/CMakeTmp/CheckSymbolExists.c
Linking C executable cmTC_296d8
/home/zj/software/clion/clion-2018.2.5/bin/cmake/linux/bin/cmake -E cmake_link_script CMakeFiles/cmTC_296d8.dir/link.txt --verbose=1
/usr/bin/cc      CMakeFiles/cmTC_296d8.dir/CheckSymbolExists.c.o  -o cmTC_296d8 
CMakeFiles/cmTC_296d8.dir/CheckSymbolExists.c.o：在函数‘main’中：
CheckSymbolExists.c:(.text+0x16)：对‘pthread_create’未定义的引用
collect2: error: ld returned 1 exit status
CMakeFiles/cmTC_296d8.dir/build.make:86: recipe for target 'cmTC_296d8' failed
make[1]: *** [cmTC_296d8] Error 1
make[1]: Leaving directory '/home/zj/a/点云配准PCL/ICP_PCL_demo/cmake-build-debug/CMakeFiles/CMakeTmp'
Makefile:121: recipe for target 'cmTC_296d8/fast' failed
make: *** [cmTC_296d8/fast] Error 2

File /home/zj/a/点云配准PCL/ICP_PCL_demo/cmake-build-debug/CMakeFiles/CMakeTmp/CheckSymbolExists.c:
/* */
#include <pthread.h>

int main(int argc, char** argv)
{
  (void)argv;
#ifndef pthread_create
  return ((int*)(&pthread_create))[argc];
#else
  (void)argc;
  return 0;
#endif
}

Determining if the function pthread_create exists in the pthreads failed with the following output:
Change Dir: /home/zj/a/点云配准PCL/ICP_PCL_demo/cmake-build-debug/CMakeFiles/CMakeTmp

Run Build Command:"/usr/bin/make" "cmTC_04729/fast"
/usr/bin/make -f CMakeFiles/cmTC_04729.dir/build.make CMakeFiles/cmTC_04729.dir/build
make[1]: Entering directory '/home/zj/a/点云配准PCL/ICP_PCL_demo/cmake-build-debug/CMakeFiles/CMakeTmp'
Building C object CMakeFiles/cmTC_04729.dir/CheckFunctionExists.c.o
/usr/bin/cc   -DCHECK_FUNCTION_EXISTS=pthread_create   -o CMakeFiles/cmTC_04729.dir/CheckFunctionExists.c.o   -c /home/zj/software/clion/clion-2018.2.5/bin/cmake/linux/share/cmake-3.12/Modules/CheckFunctionExists.c
Linking C executable cmTC_04729
/home/zj/software/clion/clion-2018.2.5/bin/cmake/linux/bin/cmake -E cmake_link_script CMakeFiles/cmTC_04729.dir/link.txt --verbose=1
/usr/bin/cc  -DCHECK_FUNCTION_EXISTS=pthread_create    CMakeFiles/cmTC_04729.dir/CheckFunctionExists.c.o  -o cmTC_04729 -lpthreads 
/usr/bin/ld: 找不到 -lpthreads
collect2: error: ld returned 1 exit status
CMakeFiles/cmTC_04729.dir/build.make:86: recipe for target 'cmTC_04729' failed
make[1]: *** [cmTC_04729] Error 1
make[1]: Leaving directory '/home/zj/a/点云配准PCL/ICP_PCL_demo/cmake-build-debug/CMakeFiles/CMakeTmp'
Makefile:121: recipe for target 'cmTC_04729/fast' failed
make: *** [cmTC_04729/fast] Error 2


