Determining if the pthread_create exist failed with the following output:
Change Dir: /home/zj/book_code/chapter_3/NDT_PCL_demo/cmake-build-debug/CMakeFiles/CMakeTmp

Run Build Command:"/usr/bin/make" "cmTC_287a8/fast"
/usr/bin/make -f CMakeFiles/cmTC_287a8.dir/build.make CMakeFiles/cmTC_287a8.dir/build
make[1]: Entering directory '/home/zj/book_code/chapter_3/NDT_PCL_demo/cmake-build-debug/CMakeFiles/CMakeTmp'
Building C object CMakeFiles/cmTC_287a8.dir/CheckSymbolExists.c.o
/usr/bin/cc    -o CMakeFiles/cmTC_287a8.dir/CheckSymbolExists.c.o   -c /home/zj/book_code/chapter_3/NDT_PCL_demo/cmake-build-debug/CMakeFiles/CMakeTmp/CheckSymbolExists.c
Linking C executable cmTC_287a8
/home/zj/software/clion/clion-2018.2.5/bin/cmake/linux/bin/cmake -E cmake_link_script CMakeFiles/cmTC_287a8.dir/link.txt --verbose=1
/usr/bin/cc      -rdynamic CMakeFiles/cmTC_287a8.dir/CheckSymbolExists.c.o  -o cmTC_287a8 
CMakeFiles/cmTC_287a8.dir/CheckSymbolExists.c.o：在函数‘main’中：
CheckSymbolExists.c:(.text+0x16)：对‘pthread_create’未定义的引用
collect2: error: ld returned 1 exit status
CMakeFiles/cmTC_287a8.dir/build.make:86: recipe for target 'cmTC_287a8' failed
make[1]: *** [cmTC_287a8] Error 1
make[1]: Leaving directory '/home/zj/book_code/chapter_3/NDT_PCL_demo/cmake-build-debug/CMakeFiles/CMakeTmp'
Makefile:121: recipe for target 'cmTC_287a8/fast' failed
make: *** [cmTC_287a8/fast] Error 2

File /home/zj/book_code/chapter_3/NDT_PCL_demo/cmake-build-debug/CMakeFiles/CMakeTmp/CheckSymbolExists.c:
/* */
#include <pthread.h>

int main(int argc, char** argv)
{
  (void)argv;
#ifndef pthread_create
  return ((int*)(&pthread_create))[argc];
#else
  (void)argc;
  return 0;
#endif
}

Determining if the function pthread_create exists in the pthreads failed with the following output:
Change Dir: /home/zj/book_code/chapter_3/NDT_PCL_demo/cmake-build-debug/CMakeFiles/CMakeTmp

Run Build Command:"/usr/bin/make" "cmTC_0615e/fast"
/usr/bin/make -f CMakeFiles/cmTC_0615e.dir/build.make CMakeFiles/cmTC_0615e.dir/build
make[1]: Entering directory '/home/zj/book_code/chapter_3/NDT_PCL_demo/cmake-build-debug/CMakeFiles/CMakeTmp'
Building C object CMakeFiles/cmTC_0615e.dir/CheckFunctionExists.c.o
/usr/bin/cc   -DCHECK_FUNCTION_EXISTS=pthread_create   -o CMakeFiles/cmTC_0615e.dir/CheckFunctionExists.c.o   -c /home/zj/software/clion/clion-2018.2.5/bin/cmake/linux/share/cmake-3.12/Modules/CheckFunctionExists.c
Linking C executable cmTC_0615e
/home/zj/software/clion/clion-2018.2.5/bin/cmake/linux/bin/cmake -E cmake_link_script CMakeFiles/cmTC_0615e.dir/link.txt --verbose=1
/usr/bin/cc  -DCHECK_FUNCTION_EXISTS=pthread_create    -rdynamic CMakeFiles/cmTC_0615e.dir/CheckFunctionExists.c.o  -o cmTC_0615e -lpthreads 
/usr/bin/ld: 找不到 -lpthreads
collect2: error: ld returned 1 exit status
CMakeFiles/cmTC_0615e.dir/build.make:86: recipe for target 'cmTC_0615e' failed
make[1]: *** [cmTC_0615e] Error 1
make[1]: Leaving directory '/home/zj/book_code/chapter_3/NDT_PCL_demo/cmake-build-debug/CMakeFiles/CMakeTmp'
Makefile:121: recipe for target 'cmTC_0615e/fast' failed
make: *** [cmTC_0615e/fast] Error 2


