Determining if the pthread_create exist failed with the following output:
Change Dir: /home/zj/a/点云配准PCL/ICP_PCL_demo/cmake-build-release/CMakeFiles/CMakeTmp

Run Build Command:"/usr/bin/make" "cmTC_555f6/fast"
/usr/bin/make -f CMakeFiles/cmTC_555f6.dir/build.make CMakeFiles/cmTC_555f6.dir/build
make[1]: Entering directory '/home/zj/a/点云配准PCL/ICP_PCL_demo/cmake-build-release/CMakeFiles/CMakeTmp'
Building C object CMakeFiles/cmTC_555f6.dir/CheckSymbolExists.c.o
/usr/bin/cc    -o CMakeFiles/cmTC_555f6.dir/CheckSymbolExists.c.o   -c /home/zj/a/点云配准PCL/ICP_PCL_demo/cmake-build-release/CMakeFiles/CMakeTmp/CheckSymbolExists.c
Linking C executable cmTC_555f6
/home/zj/software/clion/clion-2018.2.5/bin/cmake/linux/bin/cmake -E cmake_link_script CMakeFiles/cmTC_555f6.dir/link.txt --verbose=1
/usr/bin/cc      CMakeFiles/cmTC_555f6.dir/CheckSymbolExists.c.o  -o cmTC_555f6 
CMakeFiles/cmTC_555f6.dir/CheckSymbolExists.c.o：在函数‘main’中：
CheckSymbolExists.c:(.text+0x16)：对‘pthread_create’未定义的引用
collect2: error: ld returned 1 exit status
CMakeFiles/cmTC_555f6.dir/build.make:86: recipe for target 'cmTC_555f6' failed
make[1]: *** [cmTC_555f6] Error 1
make[1]: Leaving directory '/home/zj/a/点云配准PCL/ICP_PCL_demo/cmake-build-release/CMakeFiles/CMakeTmp'
Makefile:121: recipe for target 'cmTC_555f6/fast' failed
make: *** [cmTC_555f6/fast] Error 2

File /home/zj/a/点云配准PCL/ICP_PCL_demo/cmake-build-release/CMakeFiles/CMakeTmp/CheckSymbolExists.c:
/* */
#include <pthread.h>

int main(int argc, char** argv)
{
  (void)argv;
#ifndef pthread_create
  return ((int*)(&pthread_create))[argc];
#else
  (void)argc;
  return 0;
#endif
}

Determining if the function pthread_create exists in the pthreads failed with the following output:
Change Dir: /home/zj/a/点云配准PCL/ICP_PCL_demo/cmake-build-release/CMakeFiles/CMakeTmp

Run Build Command:"/usr/bin/make" "cmTC_4b5c0/fast"
/usr/bin/make -f CMakeFiles/cmTC_4b5c0.dir/build.make CMakeFiles/cmTC_4b5c0.dir/build
make[1]: Entering directory '/home/zj/a/点云配准PCL/ICP_PCL_demo/cmake-build-release/CMakeFiles/CMakeTmp'
Building C object CMakeFiles/cmTC_4b5c0.dir/CheckFunctionExists.c.o
/usr/bin/cc   -DCHECK_FUNCTION_EXISTS=pthread_create   -o CMakeFiles/cmTC_4b5c0.dir/CheckFunctionExists.c.o   -c /home/zj/software/clion/clion-2018.2.5/bin/cmake/linux/share/cmake-3.12/Modules/CheckFunctionExists.c
Linking C executable cmTC_4b5c0
/home/zj/software/clion/clion-2018.2.5/bin/cmake/linux/bin/cmake -E cmake_link_script CMakeFiles/cmTC_4b5c0.dir/link.txt --verbose=1
/usr/bin/cc  -DCHECK_FUNCTION_EXISTS=pthread_create    CMakeFiles/cmTC_4b5c0.dir/CheckFunctionExists.c.o  -o cmTC_4b5c0 -lpthreads 
/usr/bin/ld: 找不到 -lpthreads
collect2: error: ld returned 1 exit status
CMakeFiles/cmTC_4b5c0.dir/build.make:86: recipe for target 'cmTC_4b5c0' failed
make[1]: *** [cmTC_4b5c0] Error 1
make[1]: Leaving directory '/home/zj/a/点云配准PCL/ICP_PCL_demo/cmake-build-release/CMakeFiles/CMakeTmp'
Makefile:121: recipe for target 'cmTC_4b5c0/fast' failed
make: *** [cmTC_4b5c0/fast] Error 2


